nohup: ignoring input
2025-09-22 14:08:10,464 - INFO - 처리 대기 중인 스캔 PDF: 393개
2025-09-22 14:08:10,471 - INFO - 이번 배치: 10개 처리 (130.39초)
2025-09-22 14:08:10,472 - INFO - 누적 처리: 10개, 오류: 0개
2025-09-22 14:12:19,908 - INFO - 처리 대기 중인 스캔 PDF: 363개
2025-09-22 14:12:19,915 - INFO - 이번 배치: 10개 처리 (117.68초)
2025-09-22 14:12:19,915 - INFO - 누적 처리: 20개, 오류: 0개
2025-09-22 14:16:13,342 - INFO - 처리 대기 중인 스캔 PDF: 334개
2025-09-22 14:16:13,346 - INFO - 이번 배치: 10개 처리 (111.62초)
2025-09-22 14:16:13,346 - INFO - 누적 처리: 30개, 오류: 0개
2025-09-22 14:19:35,358 - INFO - 처리 대기 중인 스캔 PDF: 306개
2025-09-22 14:19:35,362 - INFO - 이번 배치: 10개 처리 (92.58초)
2025-09-22 14:19:35,363 - INFO - 누적 처리: 40개, 오류: 0개
2025-09-22 14:22:47,235 - INFO - 처리 대기 중인 스캔 PDF: 276개
2025-09-22 14:22:47,241 - INFO - 이번 배치: 10개 처리 (92.49초)
2025-09-22 14:22:47,241 - INFO - 누적 처리: 50개, 오류: 0개
2025-09-22 14:23:16,564 - INFO - 처리 대기 중인 스캔 PDF: 246개
2025-09-22 14:23:16,569 - INFO - 이번 배치: 10개 처리 (0.01초)
2025-09-22 14:23:16,569 - INFO - 누적 처리: 60개, 오류: 0개
2025-09-22 14:23:21,586 - INFO - 처리 대기 중인 스캔 PDF: 219개
2025-09-22 14:23:21,586 - INFO - 이번 배치: 10개 처리 (0.01초)
2025-09-22 14:23:21,586 - INFO - 누적 처리: 70개, 오류: 0개
2025-09-22 14:23:26,615 - INFO - 처리 대기 중인 스캔 PDF: 193개
2025-09-22 14:23:26,619 - INFO - 이번 배치: 10개 처리 (0.01초)
2025-09-22 14:23:26,619 - INFO - 누적 처리: 80개, 오류: 0개
2025-09-22 14:23:31,630 - INFO - 처리 대기 중인 스캔 PDF: 163개
2025-09-22 14:23:31,631 - INFO - 이번 배치: 10개 처리 (0.01초)
2025-09-22 14:23:31,631 - INFO - 누적 처리: 90개, 오류: 0개
2025-09-22 14:23:36,645 - INFO - 처리 대기 중인 스캔 PDF: 140개
2025-09-22 14:23:36,648 - INFO - 이번 배치: 10개 처리 (0.01초)
2025-09-22 14:23:36,648 - INFO - 누적 처리: 100개, 오류: 0개
2025-09-22 14:23:41,663 - INFO - 처리 대기 중인 스캔 PDF: 117개
2025-09-22 14:23:41,663 - INFO - 이번 배치: 10개 처리 (0.01초)
2025-09-22 14:23:41,663 - INFO - 누적 처리: 110개, 오류: 0개
2025-09-22 14:23:48,491 - INFO - 처리 대기 중인 스캔 PDF: 95개
2025-09-22 14:23:48,496 - INFO - 이번 배치: 10개 처리 (0.01초)
2025-09-22 14:23:48,496 - INFO - 누적 처리: 120개, 오류: 0개
2025-09-22 14:23:53,508 - INFO - 처리 대기 중인 스캔 PDF: 79개
2025-09-22 14:23:53,508 - INFO - 이번 배치: 10개 처리 (0.01초)
2025-09-22 14:23:53,508 - INFO - 누적 처리: 130개, 오류: 0개
2025-09-22 14:23:58,522 - INFO - 처리 대기 중인 스캔 PDF: 63개
2025-09-22 14:23:58,526 - INFO - 이번 배치: 10개 처리 (0.01초)
2025-09-22 14:23:58,526 - INFO - 누적 처리: 140개, 오류: 0개
2025-09-22 14:24:03,540 - INFO - 처리 대기 중인 스캔 PDF: 46개
2025-09-22 14:24:03,541 - INFO - 이번 배치: 10개 처리 (0.01초)
2025-09-22 14:24:03,541 - INFO - 누적 처리: 150개, 오류: 0개
2025-09-22 14:24:08,552 - INFO - 처리 대기 중인 스캔 PDF: 29개
2025-09-22 14:24:08,555 - INFO - 이번 배치: 10개 처리 (0.01초)
2025-09-22 14:24:08,555 - INFO - 누적 처리: 160개, 오류: 0개
2025-09-22 14:24:13,569 - INFO - 처리 대기 중인 스캔 PDF: 10개
2025-09-22 14:24:13,569 - INFO - 이번 배치: 10개 처리 (0.01초)
2025-09-22 14:24:13,569 - INFO - 누적 처리: 170개, 오류: 0개
2025-09-22 14:24:20,415 - INFO - 모든 PDF 처리 완료!
============================================================
🚀 전체 OCR 처리 시작
============================================================
📊 처리할 스캔 PDF: 393개
⚙️  배치 크기: 10개
⏱️  예상 시간: 약 2.7시간


--- 배치 #1 처리 중 ---

📈 진행률: 7.6% (30/393)
⏱️  경과 시간: 4.3분
🎯 남은 시간: 약 0.9시간
📊 처리 통계: 성공 10개, 오류 0개

💤 5초 후 다음 배치 시작...

--- 배치 #2 처리 중 ---

📈 진행률: 15.0% (59/393)
⏱️  경과 시간: 8.3분
🎯 남은 시간: 약 0.8시간
📊 처리 통계: 성공 20개, 오류 0개

💤 5초 후 다음 배치 시작...

--- 배치 #3 처리 중 ---

📈 진행률: 22.1% (87/393)
⏱️  경과 시간: 11.9분
🎯 남은 시간: 약 0.7시간
📊 처리 통계: 성공 30개, 오류 0개

💤 5초 후 다음 배치 시작...

--- 배치 #4 처리 중 ---

📈 진행률: 29.8% (117/393)
⏱️  경과 시간: 15.2분
🎯 남은 시간: 약 0.6시간
📊 처리 통계: 성공 40개, 오류 0개

💤 5초 후 다음 배치 시작...

--- 배치 #5 처리 중 ---

📈 진행률: 37.4% (147/393)
⏱️  경과 시간: 17.2분
🎯 남은 시간: 약 0.5시간
📊 처리 통계: 성공 50개, 오류 0개

💤 5초 후 다음 배치 시작...

--- 배치 #6 처리 중 ---

📈 진행률: 44.3% (174/393)
⏱️  경과 시간: 17.3분
🎯 남은 시간: 약 0.4시간
📊 처리 통계: 성공 60개, 오류 0개

💤 5초 후 다음 배치 시작...

--- 배치 #7 처리 중 ---

📈 진행률: 50.9% (200/393)
⏱️  경과 시간: 17.4분
🎯 남은 시간: 약 0.3시간
📊 처리 통계: 성공 70개, 오류 0개

💤 5초 후 다음 배치 시작...

--- 배치 #8 처리 중 ---

📈 진행률: 58.5% (230/393)
⏱️  경과 시간: 17.4분
🎯 남은 시간: 약 0.2시간
📊 처리 통계: 성공 80개, 오류 0개

💤 5초 후 다음 배치 시작...

--- 배치 #9 처리 중 ---

📈 진행률: 64.4% (253/393)
⏱️  경과 시간: 17.5분
🎯 남은 시간: 약 0.2시간
📊 처리 통계: 성공 90개, 오류 0개

💤 5초 후 다음 배치 시작...

--- 배치 #10 처리 중 ---

📈 진행률: 70.2% (276/393)
⏱️  경과 시간: 17.6분
🎯 남은 시간: 약 0.1시간
📊 처리 통계: 성공 100개, 오류 0개

💤 5초 후 다음 배치 시작...

--- 배치 #11 처리 중 ---

📈 진행률: 75.8% (298/393)
⏱️  경과 시간: 17.7분
🎯 남은 시간: 약 0.1시간
📊 처리 통계: 성공 110개, 오류 0개

💤 5초 후 다음 배치 시작...

--- 배치 #12 처리 중 ---

📈 진행률: 79.9% (314/393)
⏱️  경과 시간: 17.8분
🎯 남은 시간: 약 0.1시간
📊 처리 통계: 성공 120개, 오류 0개

💤 5초 후 다음 배치 시작...

--- 배치 #13 처리 중 ---

📈 진행률: 84.0% (330/393)
⏱️  경과 시간: 17.9분
🎯 남은 시간: 약 0.1시간
📊 처리 통계: 성공 130개, 오류 0개

💤 5초 후 다음 배치 시작...

--- 배치 #14 처리 중 ---

📈 진행률: 88.3% (347/393)
⏱️  경과 시간: 18.0분
🎯 남은 시간: 약 0.0시간
📊 처리 통계: 성공 140개, 오류 0개

💤 5초 후 다음 배치 시작...

--- 배치 #15 처리 중 ---

📈 진행률: 92.6% (364/393)
⏱️  경과 시간: 18.1분
🎯 남은 시간: 약 0.0시간
📊 처리 통계: 성공 150개, 오류 0개

💤 5초 후 다음 배치 시작...

--- 배치 #16 처리 중 ---

📈 진행률: 97.5% (383/393)
⏱️  경과 시간: 18.1분
🎯 남은 시간: 약 0.0시간
📊 처리 통계: 성공 160개, 오류 0개

💤 5초 후 다음 배치 시작...

--- 배치 #17 처리 중 ---

📈 진행률: 100.0% (393/393)
⏱️  경과 시간: 18.2분
🎯 남은 시간: 약 0.0시간
📊 처리 통계: 성공 170개, 오류 0개

💤 5초 후 다음 배치 시작...

--- 배치 #18 처리 중 ---

✅ 모든 문서 처리 완료!

============================================================
🎉 OCR 처리 완료!
============================================================
📊 최종 통계:
  - 총 처리: 170개
  - 오류: 0개
  - 총 시간: 18.3분 (0.3시간)
  - 평균 속도: 3.2초/파일

💾 메타데이터 저장 완료: document_metadata.json
